<?xml version="1.0" encoding="utf-8" standalone="no"?>
<!--This file represents the results of running a test suite-->
<test-results name="U:\users\bert\workspace\net.ndep\NDep\NDep.Test\NDep.Test.csproj" total="1" errors="1" failures="0" not-run="0" inconclusive="0" ignored="0" skipped="0" invalid="0" date="2013-01-25" time="11:45:15">
  <environment nunit-version="2.6.2.12296" clr-version="2.0.50727.5466" os-version="Microsoft Windows NT 6.1.7601 Service Pack 1" platform="Win32NT" cwd="U:\users\bert\workspace\net.ndep\NDep\NDep.Test" machine-name="BERT-NETBOOK" user="bert" user-domain="bert-netbook" />
  <culture-info current-culture="en-GB" current-uiculture="en-US" />
  <test-suite type="Project" name="U:\users\bert\workspace\net.ndep\NDep\NDep.Test\NDep.Test.csproj" executed="True" result="Failure" success="False" time="1.108" asserts="0">
    <results>
      <test-suite type="Assembly" name="U:\users\bert\workspace\net.ndep\NDep\NDep.Test\bin\Debug\NDep.Test.exe" executed="True" result="Failure" success="False" time="1.092" asserts="0">
        <results>
          <test-suite type="Namespace" name="net" executed="True" result="Failure" success="False" time="1.076" asserts="0">
            <results>
              <test-suite type="Namespace" name="ndep" executed="True" result="Failure" success="False" time="1.076" asserts="0">
                <results>
                  <test-suite type="TestFixture" name="ProgramTest" executed="True" result="Failure" success="False" time="1.061" asserts="0">
                    <results>
                      <test-case name="net.ndep.ProgramTest.HappyPathTest" executed="True" result="Error" success="False" time="1.045" asserts="3">
                        <failure>
                          <message><![CDATA[System.Xml.XmlException : Root element is missing.]]></message>
                          <stack-trace><![CDATA[at System.Xml.XmlTextReaderImpl.Throw(Exception e)
at System.Xml.XmlTextReaderImpl.ParseDocumentContent()
at System.Xml.XmlTextReaderImpl.Read()
at System.Xml.XmlLoader.LoadDocSequence(XmlDocument parentDoc)
at System.Xml.XmlLoader.Load(XmlDocument doc, XmlReader reader, Boolean preserveWhitespace)
at System.Xml.XmlDocument.Load(XmlReader reader)
at System.Xml.XmlDocument.Load(String filename)
at net.ndep.VSProject.ReadXML() in U:\users\bert\workspace\net.ndep\NDep\NDep\net\ndep\VSProject.cs:line 52
at net.ndep.VSProject.WriteReferences(IList`1 resources) in U:\users\bert\workspace\net.ndep\NDep\NDep\net\ndep\VSProject.cs:line 22
at net.ndep.Program.UpdateReferences(Dependency projectDep) in U:\users\bert\workspace\net.ndep\NDep\NDep\net\ndep\Program.cs:line 89
at net.ndep.Program.InvokeWithArgs(String[] args) in U:\users\bert\workspace\net.ndep\NDep\NDep\net\ndep\Program.cs:line 67
at net.ndep.ProgramTest.HappyPathTest() in U:\users\bert\workspace\net.ndep\NDep\NDep.Test\net\ndep\ProgramTest.cs:line 27
]]></stack-trace>
                        </failure>
                      </test-case>
                    </results>
                  </test-suite>
                </results>
              </test-suite>
            </results>
          </test-suite>
        </results>
      </test-suite>
    </results>
  </test-suite>
</test-results>