<?xml version="1.0" encoding="utf-8" standalone="no"?>
<!--This file represents the results of running a test suite-->
<test-results name="U:\users\bert\workspace\net.ndep\NDep\NDep.Test\NDep.Test.csproj" total="1" errors="1" failures="0" not-run="0" inconclusive="0" ignored="0" skipped="0" invalid="0" date="2013-01-24" time="14:20:08">
  <environment nunit-version="2.6.2.12296" clr-version="2.0.50727.5466" os-version="Microsoft Windows NT 6.1.7601 Service Pack 1" platform="Win32NT" cwd="U:\users\bert\workspace\net.ndep\NDep\NDep.Test" machine-name="BERT-NETBOOK" user="bert" user-domain="bert-netbook" />
  <culture-info current-culture="en-GB" current-uiculture="en-US" />
  <test-suite type="Project" name="U:\users\bert\workspace\net.ndep\NDep\NDep.Test\NDep.Test.csproj" executed="True" result="Failure" success="False" time="0.952" asserts="0">
    <results>
      <test-suite type="Assembly" name="U:\users\bert\workspace\net.ndep\NDep\NDep.Test\bin\Debug\NDep.Test.exe" executed="True" result="Failure" success="False" time="0.920" asserts="0">
        <results>
          <test-suite type="Namespace" name="net" executed="True" result="Failure" success="False" time="0.920" asserts="0">
            <results>
              <test-suite type="Namespace" name="ndep" executed="True" result="Failure" success="False" time="0.920" asserts="0">
                <results>
                  <test-suite type="TestFixture" name="ProgramTest" executed="True" result="Failure" success="False" time="0.920" asserts="0">
                    <results>
                      <test-case name="net.ndep.ProgramTest.HappyPathTest" executed="True" result="Error" success="False" time="0.905" asserts="2">
                        <failure>
                          <message><![CDATA[System.ArgumentException : Expect Version to be set on Dependency@25560520<GroupId:MyChildGroupId1,ArtifactId:MyChildArtifactId1,Version:,Ext:dll,Arch:MyChildArch2,Runtime:MyChildRuntime2,Url:''>]]></message>
                          <stack-trace><![CDATA[at net.ndep.Dependency.ValidateRequiredSet() in U:\users\bert\workspace\net.ndep\NDep\NDep\net\ndep\Dependency.cs:line 113
at net.ndep.Program.ToResources(Dependency dependency) in U:\users\bert\workspace\net.ndep\NDep\NDep\net\ndep\Program.cs:line 91
at net.ndep.Program.UpdateReferences(Dependency projectDep) in U:\users\bert\workspace\net.ndep\NDep\NDep\net\ndep\Program.cs:line 80
at net.ndep.Program.UpdateProject() in U:\users\bert\workspace\net.ndep\NDep\NDep\net\ndep\Program.cs:line 66
at net.ndep.Program.InvokeWithArgs(String[] args) in U:\users\bert\workspace\net.ndep\NDep\NDep\net\ndep\Program.cs:line 60
at net.ndep.ProgramTest.HappyPathTest() in U:\users\bert\workspace\net.ndep\NDep\NDep.Test\net\ndep\ProgramTest.cs:line 20
]]></stack-trace>
                        </failure>
                      </test-case>
                    </results>
                  </test-suite>
                </results>
              </test-suite>
            </results>
          </test-suite>
        </results>
      </test-suite>
    </results>
  </test-suite>
</test-results>