<?xml version="1.0" encoding="utf-8" standalone="no"?>
<!--This file represents the results of running a test suite-->
<test-results name="U:\users\bert\workspace\net.ndep\NDep\NDep\NDep.csproj" total="0" errors="0" failures="0" not-run="0" inconclusive="0" ignored="0" skipped="0" invalid="0" date="2013-01-28" time="09:05:50">
  <environment nunit-version="2.6.2.12296" clr-version="2.0.50727.5466" os-version="Microsoft Windows NT 6.1.7601 Service Pack 1" platform="Win32NT" cwd="U:\users\bert\workspace\net.ndep\NDep\NDep" machine-name="BERT-NETBOOK" user="bert" user-domain="bert-netbook" />
  <culture-info current-culture="en-GB" current-uiculture="en-US" />
  <test-suite type="Project" name="U:\users\bert\workspace\net.ndep\NDep\NDep\NDep.csproj" executed="True" result="Inconclusive" success="False" time="0.016" asserts="0">
    <results>
      <test-suite type="Assembly" name="U:\users\bert\workspace\net.ndep\NDep\NDep\bin\Debug\ndep.exe" executed="True" result="Inconclusive" success="False" time="0.000" asserts="0" />
    </results>
  </test-suite>
</test-results>